<?xml version="1.0" encoding="UTF-8" ?>
<testsuites name="vitest tests" tests="4" failures="0" errors="0" time="1.849">
    <testsuite name="src/components/FeedbackPop/__tests__/FeedbackPop.test.tsx" timestamp="2024-01-14T16:16:57.759Z" hostname="stephens-air.lan" tests="3" failures="0" errors="0" skipped="0" time="0.571">
        <testcase classname="src/components/FeedbackPop/__tests__/FeedbackPop.test.tsx" name="FeedbackPop Component &gt; renders Feedback button" time="0.132">
        </testcase>
        <testcase classname="src/components/FeedbackPop/__tests__/FeedbackPop.test.tsx" name="FeedbackPop Component &gt; opens popover when Feedback button is clicked" time="0.192">
        </testcase>
        <testcase classname="src/components/FeedbackPop/__tests__/FeedbackPop.test.tsx" name="FeedbackPop Component &gt; closes popover when close button is clicked" time="0.246">
        </testcase>
    </testsuite>
    <testsuite name="src/components/FeedbackPop/__tests__/Form.test.tsx" timestamp="2024-01-14T16:16:57.761Z" hostname="stephens-air.lan" tests="1" failures="0" errors="0" skipped="0" time="0.371">
        <testcase classname="src/components/FeedbackPop/__tests__/Form.test.tsx" name="Form Component &gt; renders email input and feedback textarea" time="0.369">
        </testcase>
    </testsuite>
</testsuites>
